build/app/outputs/mapping/release/mapping.txt
# compiler: R8
# compiler_version: 2.1.62
# min_api: 16
# pg_map_id: c283b40
# common_typos_disable
...
io.flutter.embedding.android.-$$Lambda$KeyChannelResponder$2j1oQDNrug8exq2tp8d8ktXWyJI -> io.flutter.embedding.android.a:
    io.flutter.embedding.android.KeyboardManager$Responder$OnKeyEventHandledCallback f$0 -> a
    void onFrameworkResponse(boolean) -> a
io.flutter.embedding.android.AndroidTouchProcessor -> io.flutter.embedding.android.b:
    io.flutter.embedding.android.MotionEventTracker motionEventTracker -> b
    io.flutter.embedding.engine.renderer.FlutterRenderer renderer -> a
    android.graphics.Matrix IDENTITY_TRANSFORM -> d
    boolean trackMotionEvents -> c
    void addPointerForIndex(android.view.MotionEvent,int,int,int,android.graphics.Matrix,java.nio.ByteBuffer) -> a
    int getPointerChangeForAction(int) -> b
    int getPointerDeviceTypeForToolType(int) -> c
    boolean onGenericMotionEvent(android.view.MotionEvent) -> d
    boolean onTouchEvent(android.view.MotionEvent) -> e
    boolean onTouchEvent(android.view.MotionEvent,android.graphics.Matrix) -> f
io.flutter.embedding.android.DrawableSplashScreen -> io.flutter.embedding.android.c:
    android.widget.ImageView$ScaleType scaleType -> b
    io.flutter.embedding.android.DrawableSplashScreen$DrawableSplashScreenView splashView -> d
    long crossfadeDurationInMillis -> c
    android.graphics.drawable.Drawable drawable -> a
    void transitionToFlutter(java.lang.Runnable) -> a
    boolean doesSplashViewRememberItsTransition() -> b
    android.view.View createSplashView(android.content.Context,android.os.Bundle) -> c
    android.os.Bundle saveSplashScreenState() -> d
io.flutter.embedding.android.DrawableSplashScreen$1 -> io.flutter.embedding.android.c$a:
    java.lang.Runnable val$onTransitionComplete -> a
io.flutter.embedding.android.DrawableSplashScreen$DrawableSplashScreenView -> io.flutter.embedding.android.c$b:
    void setSplashDrawable(android.graphics.drawable.Drawable,android.widget.ImageView$ScaleType) -> a
io.flutter.embedding.android.ExclusiveAppComponent -> io.flutter.embedding.android.d:
    void detachFromFlutterEngine() -> a
    java.lang.Object getAppComponent() -> b
io.flutter.embedding.android.FlutterActivity -> io.flutter.embedding.android.e:
    io.flutter.embedding.android.FlutterActivityAndFragmentDelegate delegate -> a
    int FLUTTER_VIEW_ID -> c
    androidx.lifecycle.LifecycleRegistry lifecycle -> b
    void onFlutterSurfaceViewCreated(io.flutter.embedding.android.FlutterSurfaceView) -> A
    void configureStatusBarForFullscreenFlutterExperience() -> B
    void configureWindowForTransparency() -> C
    android.view.View createFlutterView() -> D
    io.flutter.embedding.android.FlutterActivityLaunchConfigs$BackgroundMode getBackgroundMode() -> E
    io.flutter.embedding.engine.FlutterEngine getFlutterEngine() -> F
    android.os.Bundle getMetaData() -> G
    android.graphics.drawable.Drawable getSplashScreenFromManifest() -> H
    boolean isDebuggable() -> I
    void release() -> J
    boolean stillAttachedForEvent(java.lang.String) -> K
    void switchLaunchThemeForNormalTheme() -> L
    void detachFromFlutterEngine() -> a
    boolean popSystemNavigator() -> b
    void onFlutterUiDisplayed() -> c
    androidx.lifecycle.Lifecycle getLifecycle() -> d
    void onFlutterUiNoLongerDisplayed() -> e
    android.app.Activity getActivity() -> f
    java.lang.String getInitialRoute() -> g
    io.flutter.embedding.engine.FlutterShellArgs getFlutterShellArgs() -> h
    java.lang.String getAppBundlePath() -> k
    io.flutter.embedding.engine.FlutterEngine provideFlutterEngine(android.content.Context) -> l