build/app/outputs/mapping/release/usage.txt
com.example.routier.BuildConfig
com.example.routier.R$style
com.example.routier.R$integer
com.example.routier.R$id
com.example.routier.R$attr
com.example.routier.R
com.example.routier.R$drawable
com.example.routier.R$styleable
com.example.routier.R$mipmap
com.example.routier.R$color
com.example.routier.R$dimen
com.example.routier.R$string
com.example.routier.R$layout
...
org.intellij.lang.annotations.JdkConstants$CursorType
kotlin.ULongKt
androidx.annotation.RequiresPermission$Write
androidx.core.graphics.drawable.IconCompat:
    public static androidx.core.graphics.drawable.IconCompat createWithResource(android.content.Context,int)
    public static androidx.core.graphics.drawable.IconCompat createWithResource(android.content.res.Resources,java.lang.String,int)
    public static androidx.core.graphics.drawable.IconCompat createWithBitmap(android.graphics.Bitmap)
    public static androidx.core.graphics.drawable.IconCompat createWithAdaptiveBitmap(android.graphics.Bitmap)
    public static androidx.core.graphics.drawable.IconCompat createWithData(byte[],int,int)
    public static androidx.core.graphics.drawable.IconCompat createWithContentUri(java.lang.String)
    public static androidx.core.graphics.drawable.IconCompat createWithContentUri(android.net.Uri)
    public static androidx.core.graphics.drawable.IconCompat createWithAdaptiveBitmapContentUri(java.lang.String)
    public static androidx.core.graphics.drawable.IconCompat createWithAdaptiveBitmapContentUri(android.net.Uri)
    private void <init>(int)
    private android.graphics.drawable.Drawable loadDrawableInner(android.content.Context)
    private static android.content.res.Resources getResources(android.content.Context,java.lang.String)
    public static androidx.core.graphics.drawable.IconCompat createFromBundle(android.os.Bundle)
    public static androidx.core.graphics.drawable.IconCompat createFromIcon(android.content.Context,android.graphics.drawable.Icon)
kotlin.jvm.internal.ArrayFloatIterator
kotlin.jvm.internal.Lambda
androidx.core.content.res.GradientColorInflaterCompat
io.flutter.embedding.engine.dart.DartMessenger:
    public io.flutter.plugin.common.BinaryMessenger$TaskQueue makeBackgroundTaskQueue()
    public void send(java.lang.String,java.nio.ByteBuffer)
    public int getPendingChannelResponseCount()
    private static final java.lang.String TAG
kotlin.coroutines.jvm.internal.BaseContinuationImpl
kotlin.sequences.MergingSequence
kotlin.internal.ContractsDsl
androidx.core.view.accessibility.AccessibilityViewCommand$MoveAtGranularityArguments
androidx.core.provider.FontProvider$1
androidx.core.view.inputmethod.InputConnectionCompat$OnCommitContentListener
androidx.loader.R$string
kotlin.sequences.TakeSequence$iterator$1
androidx.customview.view.AbsSavedState
io.flutter.embedding.engine.FlutterEngineConnectionRegistry$FlutterEngineServicePluginBinding:
    void <init>(android.app.Service,androidx.lifecycle.Lifecycle)
    public android.app.Service getService()
    public java.lang.Object getLifecycle()
    public void addOnModeChangeListener(io.flutter.embedding.engine.plugins.service.ServiceAware$OnModeChangeListener)
    public void removeOnModeChangeListener(io.flutter.embedding.engine.plugins.service.ServiceAware$OnModeChangeListener)
    void onMoveToForeground()
    void onMoveToBackground()
    private final android.app.Service service
    private final io.flutter.embedding.engine.plugins.lifecycle.HiddenLifecycleReference hiddenLifecycleReference
    private final java.util.Set onModeChangeListeners
kotlin.io.FilesKt__FileTreeWalkKt
kotlin.sequences.DropSequence$iterator$1
androidx.core.os.LocaleListCompat
androidx.lifecycle.ClassesInfoCache$MethodReference
io.flutter.embedding.android.FlutterActivity:
    public static android.content.Intent createDefaultIntent(android.content.Context)
    public static io.flutter.embedding.android.FlutterActivity$NewEngineIntentBuilder withNewEngine()
    public static io.flutter.embedding.android.FlutterActivity$CachedEngineIntentBuilder withCachedEngine(java.lang.String)
    void setDelegate(io.flutter.embedding.android.FlutterActivityAndFragmentDelegate)
    public void updateSystemUiOverlays()
    private static final java.lang.String TAG
androidx.core.os.LocaleListPlatformWrapper
androidx.core.view.ViewCompat$UnhandledKeyEventManager